{"C:\\Users\\Hamza\\Desktop\\insy7314-poe-part-2-ST10249863-TiffanyMather\\src\\app.js": {"path":"C:\\Users\\Hamza\\Desktop\\insy7314-poe-part-2-ST10249863-TiffanyMather\\src\\app.js","statementMap":{"0":{"start":{"line":1,"column":0},"end":{"line":1,"column":27}},"1":{"start":{"line":2,"column":16},"end":{"line":2,"column":34}},"2":{"start":{"line":3,"column":15},"end":{"line":3,"column":32}},"3":{"start":{"line":4,"column":18},"end":{"line":4,"column":47}},"4":{"start":{"line":5,"column":13},"end":{"line":5,"column":28}},"5":{"start":{"line":6,"column":21},"end":{"line":6,"column":45}},"6":{"start":{"line":7,"column":13},"end":{"line":7,"column":29}},"7":{"start":{"line":9,"column":19},"end":{"line":9,"column":43}},"8":{"start":{"line":10,"column":23},"end":{"line":10,"column":51}},"9":{"start":{"line":12,"column":12},"end":{"line":12,"column":21}},"10":{"start":{"line":18,"column":0},"end":{"line":22,"column":1}},"11":{"start":{"line":19,"column":2},"end":{"line":19,"column":28}},"12":{"start":{"line":21,"column":2},"end":{"line":21,"column":32}},"13":{"start":{"line":28,"column":0},"end":{"line":28,"column":18}},"14":{"start":{"line":29,"column":0},"end":{"line":29,"column":43}},"15":{"start":{"line":30,"column":0},"end":{"line":40,"column":4}},"16":{"start":{"line":41,"column":0},"end":{"line":41,"column":47}},"17":{"start":{"line":44,"column":0},"end":{"line":44,"column":41}},"18":{"start":{"line":58,"column":0},"end":{"line":62,"column":4}},"19":{"start":{"line":76,"column":16},"end":{"line":79,"column":2}},"20":{"start":{"line":80,"column":0},"end":{"line":80,"column":17}},"21":{"start":{"line":86,"column":0},"end":{"line":93,"column":1}},"22":{"start":{"line":87,"column":2},"end":{"line":92,"column":5}},"23":{"start":{"line":88,"column":4},"end":{"line":90,"column":5}},"24":{"start":{"line":89,"column":6},"end":{"line":89,"column":67}},"25":{"start":{"line":91,"column":4},"end":{"line":91,"column":11}},"26":{"start":{"line":107,"column":0},"end":{"line":107,"column":24}},"27":{"start":{"line":108,"column":23},"end":{"line":108,"column":45}},"28":{"start":{"line":111,"column":0},"end":{"line":118,"column":3}},"29":{"start":{"line":112,"column":2},"end":{"line":116,"column":5}},"30":{"start":{"line":117,"column":2},"end":{"line":117,"column":43}},"31":{"start":{"line":123,"column":0},"end":{"line":123,"column":33}},"32":{"start":{"line":126,"column":0},"end":{"line":126,"column":57}},"33":{"start":{"line":129,"column":0},"end":{"line":131,"column":3}},"34":{"start":{"line":130,"column":2},"end":{"line":130,"column":62}},"35":{"start":{"line":133,"column":0},"end":{"line":135,"column":3}},"36":{"start":{"line":134,"column":2},"end":{"line":134,"column":53}},"37":{"start":{"line":141,"column":0},"end":{"line":146,"column":3}},"38":{"start":{"line":142,"column":2},"end":{"line":144,"column":3}},"39":{"start":{"line":143,"column":4},"end":{"line":143,"column":65}},"40":{"start":{"line":145,"column":2},"end":{"line":145,"column":12}},"41":{"start":{"line":149,"column":0},"end":{"line":152,"column":3}},"42":{"start":{"line":150,"column":2},"end":{"line":150,"column":27}},"43":{"start":{"line":151,"column":2},"end":{"line":151,"column":50}},"44":{"start":{"line":154,"column":0},"end":{"line":154,"column":21}}},"fnMap":{"0":{"name":"(anonymous_0)","decl":{"start":{"line":87,"column":10},"end":{"line":87,"column":11}},"loc":{"start":{"line":87,"column":30},"end":{"line":92,"column":3}},"line":87},"1":{"name":"(anonymous_1)","decl":{"start":{"line":111,"column":43},"end":{"line":111,"column":44}},"loc":{"start":{"line":111,"column":57},"end":{"line":118,"column":1}},"line":111},"2":{"name":"(anonymous_2)","decl":{"start":{"line":129,"column":13},"end":{"line":129,"column":14}},"loc":{"start":{"line":129,"column":27},"end":{"line":131,"column":1}},"line":129},"3":{"name":"(anonymous_3)","decl":{"start":{"line":133,"column":19},"end":{"line":133,"column":20}},"loc":{"start":{"line":133,"column":33},"end":{"line":135,"column":1}},"line":133},"4":{"name":"(anonymous_4)","decl":{"start":{"line":141,"column":8},"end":{"line":141,"column":9}},"loc":{"start":{"line":141,"column":33},"end":{"line":146,"column":1}},"line":141},"5":{"name":"(anonymous_5)","decl":{"start":{"line":149,"column":8},"end":{"line":149,"column":9}},"loc":{"start":{"line":149,"column":34},"end":{"line":152,"column":1}},"line":149}},"branchMap":{"0":{"loc":{"start":{"line":18,"column":0},"end":{"line":22,"column":1}},"type":"if","locations":[{"start":{"line":18,"column":0},"end":{"line":22,"column":1}},{"start":{"line":20,"column":7},"end":{"line":22,"column":1}}],"line":18},"1":{"loc":{"start":{"line":59,"column":10},"end":{"line":59,"column":73}},"type":"binary-expr","locations":[{"start":{"line":59,"column":10},"end":{"line":59,"column":37}},{"start":{"line":59,"column":41},"end":{"line":59,"column":73}}],"line":59},"2":{"loc":{"start":{"line":86,"column":0},"end":{"line":93,"column":1}},"type":"if","locations":[{"start":{"line":86,"column":0},"end":{"line":93,"column":1}},{"start":{},"end":{}}],"line":86},"3":{"loc":{"start":{"line":88,"column":4},"end":{"line":90,"column":5}},"type":"if","locations":[{"start":{"line":88,"column":4},"end":{"line":90,"column":5}},{"start":{},"end":{}}],"line":88},"4":{"loc":{"start":{"line":142,"column":2},"end":{"line":144,"column":3}},"type":"if","locations":[{"start":{"line":142,"column":2},"end":{"line":144,"column":3}},{"start":{},"end":{}}],"line":142},"5":{"loc":{"start":{"line":142,"column":6},"end":{"line":142,"column":41}},"type":"binary-expr","locations":[{"start":{"line":142,"column":6},"end":{"line":142,"column":9}},{"start":{"line":142,"column":13},"end":{"line":142,"column":41}}],"line":142}},"s":{"0":3,"1":3,"2":3,"3":3,"4":3,"5":3,"6":3,"7":3,"8":3,"9":3,"10":3,"11":0,"12":3,"13":3,"14":3,"15":3,"16":3,"17":3,"18":3,"19":3,"20":3,"21":3,"22":0,"23":0,"24":0,"25":0,"26":3,"27":3,"28":3,"29":1,"30":1,"31":3,"32":3,"33":3,"34":0,"35":3,"36":2,"37":3,"38":0,"39":0,"40":0,"41":3,"42":0,"43":0,"44":3},"f":{"0":0,"1":1,"2":0,"3":2,"4":0,"5":0},"b":{"0":[0,3],"1":[3,0],"2":[0,3],"3":[0,0],"4":[0,0],"5":[0,0]},"_coverageSchema":"1a1c01bbd47fc00a2c39e90264f33305004495a9","hash":"10a4a5e21c46f123f776715d119005b804b90dbc"}
,"C:\\Users\\Hamza\\Desktop\\insy7314-poe-part-2-ST10249863-TiffanyMather\\src\\controllers\\paymentsController.js": {"path":"C:\\Users\\Hamza\\Desktop\\insy7314-poe-part-2-ST10249863-TiffanyMather\\src\\controllers\\paymentsController.js","statementMap":{"0":{"start":{"line":2,"column":20},"end":{"line":2,"column":48}},"1":{"start":{"line":3,"column":13},"end":{"line":3,"column":38}},"2":{"start":{"line":4,"column":32},"end":{"line":4,"column":74}},"3":{"start":{"line":6,"column":24},"end":{"line":6,"column":66}},"4":{"start":{"line":6,"column":32},"end":{"line":6,"column":65}},"5":{"start":{"line":9,"column":0},"end":{"line":48,"column":2}},"6":{"start":{"line":10,"column":2},"end":{"line":47,"column":3}},"7":{"start":{"line":12,"column":4},"end":{"line":12,"column":90}},"8":{"start":{"line":12,"column":35},"end":{"line":12,"column":90}},"9":{"start":{"line":15,"column":29},"end":{"line":15,"column":90}},"10":{"start":{"line":16,"column":4},"end":{"line":21,"column":5}},"11":{"start":{"line":17,"column":6},"end":{"line":20,"column":9}},"12":{"start":{"line":19,"column":40},"end":{"line":19,"column":49}},"13":{"start":{"line":24,"column":4},"end":{"line":24,"column":65}},"14":{"start":{"line":25,"column":4},"end":{"line":25,"column":82}},"15":{"start":{"line":26,"column":4},"end":{"line":26,"column":84}},"16":{"start":{"line":27,"column":4},"end":{"line":27,"column":53}},"17":{"start":{"line":28,"column":4},"end":{"line":28,"column":74}},"18":{"start":{"line":28,"column":25},"end":{"line":28,"column":74}},"19":{"start":{"line":30,"column":20},"end":{"line":41,"column":6}},"20":{"start":{"line":43,"column":4},"end":{"line":43,"column":88}},"21":{"start":{"line":45,"column":4},"end":{"line":45,"column":48}},"22":{"start":{"line":46,"column":4},"end":{"line":46,"column":14}},"23":{"start":{"line":51,"column":0},"end":{"line":72,"column":2}},"24":{"start":{"line":52,"column":2},"end":{"line":71,"column":3}},"25":{"start":{"line":54,"column":4},"end":{"line":54,"column":90}},"26":{"start":{"line":54,"column":35},"end":{"line":54,"column":90}},"27":{"start":{"line":56,"column":21},"end":{"line":58,"column":13}},"28":{"start":{"line":61,"column":16},"end":{"line":65,"column":7}},"29":{"start":{"line":61,"column":35},"end":{"line":65,"column":5}},"30":{"start":{"line":67,"column":4},"end":{"line":67,"column":32}},"31":{"start":{"line":69,"column":4},"end":{"line":69,"column":50}},"32":{"start":{"line":70,"column":4},"end":{"line":70,"column":14}},"33":{"start":{"line":75,"column":0},"end":{"line":107,"column":2}},"34":{"start":{"line":76,"column":2},"end":{"line":106,"column":3}},"35":{"start":{"line":78,"column":4},"end":{"line":80,"column":5}},"36":{"start":{"line":79,"column":6},"end":{"line":79,"column":61}},"37":{"start":{"line":82,"column":21},"end":{"line":85,"column":13}},"38":{"start":{"line":87,"column":16},"end":{"line":99,"column":7}},"39":{"start":{"line":87,"column":35},"end":{"line":99,"column":5}},"40":{"start":{"line":101,"column":4},"end":{"line":101,"column":59}},"41":{"start":{"line":102,"column":4},"end":{"line":102,"column":32}},"42":{"start":{"line":104,"column":4},"end":{"line":104,"column":51}},"43":{"start":{"line":105,"column":4},"end":{"line":105,"column":14}},"44":{"start":{"line":110,"column":0},"end":{"line":141,"column":2}},"45":{"start":{"line":111,"column":2},"end":{"line":140,"column":3}},"46":{"start":{"line":112,"column":20},"end":{"line":112,"column":64}},"47":{"start":{"line":113,"column":4},"end":{"line":113,"column":78}},"48":{"start":{"line":113,"column":18},"end":{"line":113,"column":78}},"49":{"start":{"line":116,"column":4},"end":{"line":116,"column":74}},"50":{"start":{"line":116,"column":19},"end":{"line":116,"column":74}},"51":{"start":{"line":118,"column":4},"end":{"line":120,"column":5}},"52":{"start":{"line":119,"column":6},"end":{"line":119,"column":61}},"53":{"start":{"line":123,"column":19},"end":{"line":123,"column":23}},"54":{"start":{"line":124,"column":4},"end":{"line":126,"column":5}},"55":{"start":{"line":125,"column":6},"end":{"line":125,"column":106}},"56":{"start":{"line":128,"column":16},"end":{"line":133,"column":5}},"57":{"start":{"line":134,"column":4},"end":{"line":134,"column":26}},"58":{"start":{"line":136,"column":4},"end":{"line":136,"column":31}},"59":{"start":{"line":138,"column":4},"end":{"line":138,"column":45}},"60":{"start":{"line":139,"column":4},"end":{"line":139,"column":14}},"61":{"start":{"line":144,"column":0},"end":{"line":166,"column":2}},"62":{"start":{"line":145,"column":2},"end":{"line":165,"column":3}},"63":{"start":{"line":147,"column":4},"end":{"line":147,"column":106}},"64":{"start":{"line":147,"column":51},"end":{"line":147,"column":106}},"65":{"start":{"line":149,"column":23},"end":{"line":149,"column":31}},"66":{"start":{"line":151,"column":4},"end":{"line":153,"column":5}},"67":{"start":{"line":152,"column":6},"end":{"line":152,"column":63}},"68":{"start":{"line":155,"column":20},"end":{"line":155,"column":57}},"69":{"start":{"line":156,"column":4},"end":{"line":156,"column":78}},"70":{"start":{"line":156,"column":18},"end":{"line":156,"column":78}},"71":{"start":{"line":158,"column":4},"end":{"line":158,"column":28}},"72":{"start":{"line":159,"column":4},"end":{"line":159,"column":25}},"73":{"start":{"line":161,"column":4},"end":{"line":161,"column":53}},"74":{"start":{"line":163,"column":4},"end":{"line":163,"column":55}},"75":{"start":{"line":164,"column":4},"end":{"line":164,"column":14}}},"fnMap":{"0":{"name":"(anonymous_0)","decl":{"start":{"line":6,"column":24},"end":{"line":6,"column":25}},"loc":{"start":{"line":6,"column":32},"end":{"line":6,"column":65}},"line":6},"1":{"name":"(anonymous_1)","decl":{"start":{"line":9,"column":24},"end":{"line":9,"column":25}},"loc":{"start":{"line":9,"column":50},"end":{"line":48,"column":1}},"line":9},"2":{"name":"(anonymous_2)","decl":{"start":{"line":19,"column":35},"end":{"line":19,"column":36}},"loc":{"start":{"line":19,"column":40},"end":{"line":19,"column":49}},"line":19},"3":{"name":"(anonymous_3)","decl":{"start":{"line":51,"column":25},"end":{"line":51,"column":26}},"loc":{"start":{"line":51,"column":51},"end":{"line":72,"column":1}},"line":51},"4":{"name":"(anonymous_4)","decl":{"start":{"line":61,"column":29},"end":{"line":61,"column":30}},"loc":{"start":{"line":61,"column":35},"end":{"line":65,"column":5}},"line":61},"5":{"name":"(anonymous_5)","decl":{"start":{"line":75,"column":26},"end":{"line":75,"column":27}},"loc":{"start":{"line":75,"column":52},"end":{"line":107,"column":1}},"line":75},"6":{"name":"(anonymous_6)","decl":{"start":{"line":87,"column":29},"end":{"line":87,"column":30}},"loc":{"start":{"line":87,"column":35},"end":{"line":99,"column":5}},"line":87},"7":{"name":"(anonymous_7)","decl":{"start":{"line":110,"column":25},"end":{"line":110,"column":26}},"loc":{"start":{"line":110,"column":51},"end":{"line":141,"column":1}},"line":110},"8":{"name":"(anonymous_8)","decl":{"start":{"line":144,"column":30},"end":{"line":144,"column":31}},"loc":{"start":{"line":144,"column":56},"end":{"line":166,"column":1}},"line":144}},"branchMap":{"0":{"loc":{"start":{"line":6,"column":32},"end":{"line":6,"column":65}},"type":"cond-expr","locations":[{"start":{"line":6,"column":52},"end":{"line":6,"column":61}},{"start":{"line":6,"column":64},"end":{"line":6,"column":65}}],"line":6},"1":{"loc":{"start":{"line":12,"column":4},"end":{"line":12,"column":90}},"type":"if","locations":[{"start":{"line":12,"column":4},"end":{"line":12,"column":90}},{"start":{},"end":{}}],"line":12},"2":{"loc":{"start":{"line":12,"column":8},"end":{"line":12,"column":33}},"type":"binary-expr","locations":[{"start":{"line":12,"column":8},"end":{"line":12,"column":17}},{"start":{"line":12,"column":21},"end":{"line":12,"column":33}}],"line":12},"3":{"loc":{"start":{"line":16,"column":4},"end":{"line":21,"column":5}},"type":"if","locations":[{"start":{"line":16,"column":4},"end":{"line":21,"column":5}},{"start":{},"end":{}}],"line":16},"4":{"loc":{"start":{"line":28,"column":4},"end":{"line":28,"column":74}},"type":"if","locations":[{"start":{"line":28,"column":4},"end":{"line":28,"column":74}},{"start":{},"end":{}}],"line":28},"5":{"loc":{"start":{"line":34,"column":16},"end":{"line":34,"column":41}},"type":"binary-expr","locations":[{"start":{"line":34,"column":16},"end":{"line":34,"column":30}},{"start":{"line":34,"column":34},"end":{"line":34,"column":41}}],"line":34},"6":{"loc":{"start":{"line":38,"column":17},"end":{"line":38,"column":38}},"type":"binary-expr","locations":[{"start":{"line":38,"column":17},"end":{"line":38,"column":32}},{"start":{"line":38,"column":36},"end":{"line":38,"column":38}}],"line":38},"7":{"loc":{"start":{"line":54,"column":4},"end":{"line":54,"column":90}},"type":"if","locations":[{"start":{"line":54,"column":4},"end":{"line":54,"column":90}},{"start":{},"end":{}}],"line":54},"8":{"loc":{"start":{"line":54,"column":8},"end":{"line":54,"column":33}},"type":"binary-expr","locations":[{"start":{"line":54,"column":8},"end":{"line":54,"column":17}},{"start":{"line":54,"column":21},"end":{"line":54,"column":33}}],"line":54},"9":{"loc":{"start":{"line":64,"column":19},"end":{"line":64,"column":47}},"type":"binary-expr","locations":[{"start":{"line":64,"column":19},"end":{"line":64,"column":32}},{"start":{"line":64,"column":36},"end":{"line":64,"column":47}}],"line":64},"10":{"loc":{"start":{"line":78,"column":4},"end":{"line":80,"column":5}},"type":"if","locations":[{"start":{"line":78,"column":4},"end":{"line":80,"column":5}},{"start":{},"end":{}}],"line":78},"11":{"loc":{"start":{"line":78,"column":8},"end":{"line":78,"column":49}},"type":"binary-expr","locations":[{"start":{"line":78,"column":8},"end":{"line":78,"column":17}},{"start":{"line":78,"column":21},"end":{"line":78,"column":49}}],"line":78},"12":{"loc":{"start":{"line":97,"column":19},"end":{"line":97,"column":47}},"type":"binary-expr","locations":[{"start":{"line":97,"column":19},"end":{"line":97,"column":32}},{"start":{"line":97,"column":36},"end":{"line":97,"column":47}}],"line":97},"13":{"loc":{"start":{"line":98,"column":16},"end":{"line":98,"column":36}},"type":"binary-expr","locations":[{"start":{"line":98,"column":16},"end":{"line":98,"column":28}},{"start":{"line":98,"column":32},"end":{"line":98,"column":36}}],"line":98},"14":{"loc":{"start":{"line":113,"column":4},"end":{"line":113,"column":78}},"type":"if","locations":[{"start":{"line":113,"column":4},"end":{"line":113,"column":78}},{"start":{},"end":{}}],"line":113},"15":{"loc":{"start":{"line":116,"column":4},"end":{"line":116,"column":74}},"type":"if","locations":[{"start":{"line":116,"column":4},"end":{"line":116,"column":74}},{"start":{},"end":{}}],"line":116},"16":{"loc":{"start":{"line":118,"column":4},"end":{"line":120,"column":5}},"type":"if","locations":[{"start":{"line":118,"column":4},"end":{"line":120,"column":5}},{"start":{},"end":{}}],"line":118},"17":{"loc":{"start":{"line":118,"column":8},"end":{"line":118,"column":90}},"type":"binary-expr","locations":[{"start":{"line":118,"column":8},"end":{"line":118,"column":36}},{"start":{"line":118,"column":40},"end":{"line":118,"column":90}}],"line":118},"18":{"loc":{"start":{"line":124,"column":4},"end":{"line":126,"column":5}},"type":"if","locations":[{"start":{"line":124,"column":4},"end":{"line":126,"column":5}},{"start":{},"end":{}}],"line":124},"19":{"loc":{"start":{"line":131,"column":19},"end":{"line":131,"column":59}},"type":"binary-expr","locations":[{"start":{"line":131,"column":19},"end":{"line":131,"column":38}},{"start":{"line":131,"column":42},"end":{"line":131,"column":59}}],"line":131},"20":{"loc":{"start":{"line":132,"column":16},"end":{"line":132,"column":32}},"type":"binary-expr","locations":[{"start":{"line":132,"column":16},"end":{"line":132,"column":24}},{"start":{"line":132,"column":28},"end":{"line":132,"column":32}}],"line":132},"21":{"loc":{"start":{"line":147,"column":4},"end":{"line":147,"column":106}},"type":"if","locations":[{"start":{"line":147,"column":4},"end":{"line":147,"column":106}},{"start":{},"end":{}}],"line":147},"22":{"loc":{"start":{"line":147,"column":8},"end":{"line":147,"column":49}},"type":"binary-expr","locations":[{"start":{"line":147,"column":8},"end":{"line":147,"column":17}},{"start":{"line":147,"column":21},"end":{"line":147,"column":49}}],"line":147},"23":{"loc":{"start":{"line":151,"column":4},"end":{"line":153,"column":5}},"type":"if","locations":[{"start":{"line":151,"column":4},"end":{"line":153,"column":5}},{"start":{},"end":{}}],"line":151},"24":{"loc":{"start":{"line":156,"column":4},"end":{"line":156,"column":78}},"type":"if","locations":[{"start":{"line":156,"column":4},"end":{"line":156,"column":78}},{"start":{},"end":{}}],"line":156}},"s":{"0":3,"1":3,"2":3,"3":3,"4":0,"5":3,"6":0,"7":0,"8":0,"9":0,"10":0,"11":0,"12":0,"13":0,"14":0,"15":0,"16":0,"17":0,"18":0,"19":0,"20":0,"21":0,"22":0,"23":3,"24":0,"25":0,"26":0,"27":0,"28":0,"29":0,"30":0,"31":0,"32":0,"33":3,"34":0,"35":0,"36":0,"37":0,"38":0,"39":0,"40":0,"41":0,"42":0,"43":0,"44":3,"45":0,"46":0,"47":0,"48":0,"49":0,"50":0,"51":0,"52":0,"53":0,"54":0,"55":0,"56":0,"57":0,"58":0,"59":0,"60":0,"61":3,"62":0,"63":0,"64":0,"65":0,"66":0,"67":0,"68":0,"69":0,"70":0,"71":0,"72":0,"73":0,"74":0,"75":0},"f":{"0":0,"1":0,"2":0,"3":0,"4":0,"5":0,"6":0,"7":0,"8":0},"b":{"0":[0,0],"1":[0,0],"2":[0,0],"3":[0,0],"4":[0,0],"5":[0,0],"6":[0,0],"7":[0,0],"8":[0,0],"9":[0,0],"10":[0,0],"11":[0,0],"12":[0,0],"13":[0,0],"14":[0,0],"15":[0,0],"16":[0,0],"17":[0,0],"18":[0,0],"19":[0,0],"20":[0,0],"21":[0,0],"22":[0,0],"23":[0,0],"24":[0,0]},"_coverageSchema":"1a1c01bbd47fc00a2c39e90264f33305004495a9","hash":"5c4ad1c06e20c95bda8c59171fb9c1f8f38764a5"}
,"C:\\Users\\Hamza\\Desktop\\insy7314-poe-part-2-ST10249863-TiffanyMather\\src\\middleware\\auth.js": {"path":"C:\\Users\\Hamza\\Desktop\\insy7314-poe-part-2-ST10249863-TiffanyMather\\src\\middleware\\auth.js","statementMap":{"0":{"start":{"line":2,"column":12},"end":{"line":2,"column":35}},"1":{"start":{"line":14,"column":21},"end":{"line":14,"column":46}},"2":{"start":{"line":15,"column":14},"end":{"line":15,"column":18}},"3":{"start":{"line":17,"column":2},"end":{"line":19,"column":3}},"4":{"start":{"line":18,"column":4},"end":{"line":18,"column":37}},"5":{"start":{"line":22,"column":2},"end":{"line":24,"column":3}},"6":{"start":{"line":23,"column":4},"end":{"line":23,"column":37}},"7":{"start":{"line":27,"column":2},"end":{"line":29,"column":3}},"8":{"start":{"line":28,"column":4},"end":{"line":28,"column":59}},"9":{"start":{"line":31,"column":2},"end":{"line":47,"column":3}},"10":{"start":{"line":33,"column":20},"end":{"line":33,"column":76}},"11":{"start":{"line":36,"column":19},"end":{"line":36,"column":77}},"12":{"start":{"line":37,"column":4},"end":{"line":39,"column":5}},"13":{"start":{"line":38,"column":6},"end":{"line":38,"column":80}},"14":{"start":{"line":42,"column":4},"end":{"line":42,"column":42}},"15":{"start":{"line":43,"column":4},"end":{"line":43,"column":11}},"16":{"start":{"line":46,"column":4},"end":{"line":46,"column":71}},"17":{"start":{"line":52,"column":2},"end":{"line":60,"column":4}},"18":{"start":{"line":54,"column":4},"end":{"line":54,"column":74}},"19":{"start":{"line":54,"column":19},"end":{"line":54,"column":74}},"20":{"start":{"line":57,"column":4},"end":{"line":57,"column":92}},"21":{"start":{"line":57,"column":40},"end":{"line":57,"column":92}},"22":{"start":{"line":59,"column":4},"end":{"line":59,"column":11}},"23":{"start":{"line":63,"column":0},"end":{"line":63,"column":37}}},"fnMap":{"0":{"name":"auth","decl":{"start":{"line":12,"column":9},"end":{"line":12,"column":13}},"loc":{"start":{"line":12,"column":30},"end":{"line":48,"column":1}},"line":12},"1":{"name":"authorize","decl":{"start":{"line":51,"column":9},"end":{"line":51,"column":18}},"loc":{"start":{"line":51,"column":29},"end":{"line":61,"column":1}},"line":51},"2":{"name":"(anonymous_2)","decl":{"start":{"line":52,"column":9},"end":{"line":52,"column":10}},"loc":{"start":{"line":52,"column":29},"end":{"line":60,"column":3}},"line":52}},"branchMap":{"0":{"loc":{"start":{"line":17,"column":2},"end":{"line":19,"column":3}},"type":"if","locations":[{"start":{"line":17,"column":2},"end":{"line":19,"column":3}},{"start":{},"end":{}}],"line":17},"1":{"loc":{"start":{"line":17,"column":6},"end":{"line":17,"column":52}},"type":"binary-expr","locations":[{"start":{"line":17,"column":6},"end":{"line":17,"column":16}},{"start":{"line":17,"column":20},"end":{"line":17,"column":52}}],"line":17},"2":{"loc":{"start":{"line":22,"column":2},"end":{"line":24,"column":3}},"type":"if","locations":[{"start":{"line":22,"column":2},"end":{"line":24,"column":3}},{"start":{},"end":{}}],"line":22},"3":{"loc":{"start":{"line":22,"column":6},"end":{"line":22,"column":55}},"type":"binary-expr","locations":[{"start":{"line":22,"column":6},"end":{"line":22,"column":12}},{"start":{"line":22,"column":16},"end":{"line":22,"column":27}},{"start":{"line":22,"column":31},"end":{"line":22,"column":55}}],"line":22},"4":{"loc":{"start":{"line":27,"column":2},"end":{"line":29,"column":3}},"type":"if","locations":[{"start":{"line":27,"column":2},"end":{"line":29,"column":3}},{"start":{},"end":{}}],"line":27},"5":{"loc":{"start":{"line":33,"column":38},"end":{"line":33,"column":75}},"type":"binary-expr","locations":[{"start":{"line":33,"column":38},"end":{"line":33,"column":60}},{"start":{"line":33,"column":64},"end":{"line":33,"column":75}}],"line":33},"6":{"loc":{"start":{"line":36,"column":19},"end":{"line":36,"column":77}},"type":"binary-expr","locations":[{"start":{"line":36,"column":19},"end":{"line":36,"column":29}},{"start":{"line":36,"column":33},"end":{"line":36,"column":44}},{"start":{"line":36,"column":48},"end":{"line":36,"column":62}},{"start":{"line":36,"column":66},"end":{"line":36,"column":77}}],"line":36},"7":{"loc":{"start":{"line":37,"column":4},"end":{"line":39,"column":5}},"type":"if","locations":[{"start":{"line":37,"column":4},"end":{"line":39,"column":5}},{"start":{},"end":{}}],"line":37},"8":{"loc":{"start":{"line":54,"column":4},"end":{"line":54,"column":74}},"type":"if","locations":[{"start":{"line":54,"column":4},"end":{"line":54,"column":74}},{"start":{},"end":{}}],"line":54},"9":{"loc":{"start":{"line":57,"column":4},"end":{"line":57,"column":92}},"type":"if","locations":[{"start":{"line":57,"column":4},"end":{"line":57,"column":92}},{"start":{},"end":{}}],"line":57}},"s":{"0":4,"1":3,"2":3,"3":3,"4":2,"5":3,"6":0,"7":3,"8":1,"9":2,"10":2,"11":1,"12":1,"13":0,"14":1,"15":1,"16":1,"17":3,"18":3,"19":1,"20":2,"21":1,"22":1,"23":4},"f":{"0":3,"1":3,"2":3},"b":{"0":[2,1],"1":[3,2],"2":[0,3],"3":[3,1,1],"4":[1,2],"5":[2,0],"6":[1,1,1,1],"7":[0,1],"8":[1,2],"9":[1,1]},"_coverageSchema":"1a1c01bbd47fc00a2c39e90264f33305004495a9","hash":"17366e2b7347f2fb36791ca7a9e65ef6f9efe28c"}
,"C:\\Users\\Hamza\\Desktop\\insy7314-poe-part-2-ST10249863-TiffanyMather\\src\\models\\Payment.js": {"path":"C:\\Users\\Hamza\\Desktop\\insy7314-poe-part-2-ST10249863-TiffanyMather\\src\\models\\Payment.js","statementMap":{"0":{"start":{"line":1,"column":17},"end":{"line":1,"column":36}},"1":{"start":{"line":4,"column":22},"end":{"line":32,"column":1}},"2":{"start":{"line":35,"column":0},"end":{"line":35,"column":39}},"3":{"start":{"line":37,"column":0},"end":{"line":39,"column":2}}},"fnMap":{},"branchMap":{},"s":{"0":3,"1":3,"2":3,"3":3},"f":{},"b":{},"_coverageSchema":"1a1c01bbd47fc00a2c39e90264f33305004495a9","hash":"3c56370c6108abc3b7a43f98e5872b7e8cec307b"}
,"C:\\Users\\Hamza\\Desktop\\insy7314-poe-part-2-ST10249863-TiffanyMather\\src\\models\\User.js": {"path":"C:\\Users\\Hamza\\Desktop\\insy7314-poe-part-2-ST10249863-TiffanyMather\\src\\models\\User.js","statementMap":{"0":{"start":{"line":1,"column":17},"end":{"line":1,"column":36}},"1":{"start":{"line":4,"column":19},"end":{"line":21,"column":24}},"2":{"start":{"line":23,"column":0},"end":{"line":23,"column":52}}},"fnMap":{},"branchMap":{},"s":{"0":3,"1":3,"2":3},"f":{},"b":{},"_coverageSchema":"1a1c01bbd47fc00a2c39e90264f33305004495a9","hash":"d8352fc98a151187dbfef775e836a15637acd4fa"}
,"C:\\Users\\Hamza\\Desktop\\insy7314-poe-part-2-ST10249863-TiffanyMather\\src\\models\\_mocks__\\User.js": {"path":"C:\\Users\\Hamza\\Desktop\\insy7314-poe-part-2-ST10249863-TiffanyMather\\src\\models\\_mocks__\\User.js","statementMap":{"0":{"start":{"line":2,"column":23},"end":{"line":2,"column":47}},"1":{"start":{"line":3,"column":0},"end":{"line":7,"column":2}}},"fnMap":{},"branchMap":{},"s":{"0":0,"1":0},"f":{},"b":{}}
,"C:\\Users\\Hamza\\Desktop\\insy7314-poe-part-2-ST10249863-TiffanyMather\\src\\routes\\auth.js": {"path":"C:\\Users\\Hamza\\Desktop\\insy7314-poe-part-2-ST10249863-TiffanyMather\\src\\routes\\auth.js","statementMap":{"0":{"start":{"line":1,"column":16},"end":{"line":1,"column":34}},"1":{"start":{"line":2,"column":15},"end":{"line":2,"column":32}},"2":{"start":{"line":3,"column":12},"end":{"line":3,"column":35}},"3":{"start":{"line":4,"column":15},"end":{"line":4,"column":32}},"4":{"start":{"line":5,"column":18},"end":{"line":5,"column":47}},"5":{"start":{"line":6,"column":12},"end":{"line":6,"column":32}},"6":{"start":{"line":7,"column":22},"end":{"line":7,"column":55}},"7":{"start":{"line":8,"column":15},"end":{"line":8,"column":32}},"8":{"start":{"line":10,"column":13},"end":{"line":10,"column":38}},"9":{"start":{"line":11,"column":21},"end":{"line":11,"column":60}},"10":{"start":{"line":13,"column":15},"end":{"line":13,"column":31}},"11":{"start":{"line":14,"column":20},"end":{"line":14,"column":22}},"12":{"start":{"line":20,"column":0},"end":{"line":20,"column":21}},"13":{"start":{"line":21,"column":0},"end":{"line":21,"column":18}},"14":{"start":{"line":22,"column":0},"end":{"line":22,"column":28}},"15":{"start":{"line":25,"column":20},"end":{"line":34,"column":2}},"16":{"start":{"line":30,"column":20},"end":{"line":30,"column":87}},"17":{"start":{"line":31,"column":4},"end":{"line":31,"column":29}},"18":{"start":{"line":33,"column":25},"end":{"line":33,"column":102}},"19":{"start":{"line":40,"column":0},"end":{"line":92,"column":3}},"20":{"start":{"line":41,"column":2},"end":{"line":91,"column":3}},"21":{"start":{"line":42,"column":70},"end":{"line":42,"column":78}},"22":{"start":{"line":45,"column":4},"end":{"line":47,"column":5}},"23":{"start":{"line":46,"column":6},"end":{"line":46,"column":72}},"24":{"start":{"line":50,"column":4},"end":{"line":58,"column":5}},"25":{"start":{"line":57,"column":6},"end":{"line":57,"column":108}},"26":{"start":{"line":61,"column":21},"end":{"line":61,"column":83}},"27":{"start":{"line":62,"column":4},"end":{"line":62,"column":91}},"28":{"start":{"line":62,"column":18},"end":{"line":62,"column":91}},"29":{"start":{"line":65,"column":25},"end":{"line":65,"column":65}},"30":{"start":{"line":67,"column":20},"end":{"line":74,"column":6}},"31":{"start":{"line":76,"column":4},"end":{"line":76,"column":88}},"32":{"start":{"line":78,"column":4},"end":{"line":78,"column":42}},"33":{"start":{"line":81,"column":4},"end":{"line":83,"column":5}},"34":{"start":{"line":82,"column":6},"end":{"line":82,"column":93}},"35":{"start":{"line":84,"column":4},"end":{"line":87,"column":5}},"36":{"start":{"line":85,"column":23},"end":{"line":85,"column":65}},"37":{"start":{"line":86,"column":6},"end":{"line":86,"column":77}},"38":{"start":{"line":90,"column":4},"end":{"line":90,"column":81}},"39":{"start":{"line":98,"column":0},"end":{"line":161,"column":3}},"40":{"start":{"line":99,"column":2},"end":{"line":160,"column":3}},"41":{"start":{"line":100,"column":50},"end":{"line":100,"column":58}},"42":{"start":{"line":103,"column":4},"end":{"line":105,"column":5}},"43":{"start":{"line":104,"column":6},"end":{"line":104,"column":72}},"44":{"start":{"line":108,"column":4},"end":{"line":110,"column":5}},"45":{"start":{"line":109,"column":6},"end":{"line":109,"column":78}},"46":{"start":{"line":113,"column":17},"end":{"line":113,"column":64}},"47":{"start":{"line":114,"column":4},"end":{"line":114,"column":77}},"48":{"start":{"line":114,"column":15},"end":{"line":114,"column":77}},"49":{"start":{"line":116,"column":18},"end":{"line":116,"column":67}},"50":{"start":{"line":117,"column":4},"end":{"line":117,"column":78}},"51":{"start":{"line":117,"column":16},"end":{"line":117,"column":78}},"52":{"start":{"line":120,"column":22},"end":{"line":120,"column":60}},"53":{"start":{"line":121,"column":4},"end":{"line":121,"column":31}},"54":{"start":{"line":122,"column":4},"end":{"line":122,"column":63}},"55":{"start":{"line":123,"column":4},"end":{"line":123,"column":22}},"56":{"start":{"line":125,"column":23},"end":{"line":125,"column":60}},"57":{"start":{"line":128,"column":24},"end":{"line":132,"column":5}},"58":{"start":{"line":135,"column":25},"end":{"line":139,"column":5}},"59":{"start":{"line":142,"column":4},"end":{"line":147,"column":7}},"60":{"start":{"line":149,"column":4},"end":{"line":154,"column":7}},"61":{"start":{"line":156,"column":4},"end":{"line":156,"column":70}},"62":{"start":{"line":158,"column":4},"end":{"line":158,"column":23}},"63":{"start":{"line":159,"column":4},"end":{"line":159,"column":52}},"64":{"start":{"line":167,"column":0},"end":{"line":225,"column":3}},"65":{"start":{"line":168,"column":2},"end":{"line":224,"column":3}},"66":{"start":{"line":169,"column":18},"end":{"line":169,"column":44}},"67":{"start":{"line":170,"column":4},"end":{"line":170,"column":75}},"68":{"start":{"line":170,"column":16},"end":{"line":170,"column":75}},"69":{"start":{"line":173,"column":4},"end":{"line":177,"column":5}},"70":{"start":{"line":174,"column":6},"end":{"line":174,"column":85}},"71":{"start":{"line":176,"column":6},"end":{"line":176,"column":70}},"72":{"start":{"line":179,"column":17},"end":{"line":179,"column":49}},"73":{"start":{"line":180,"column":4},"end":{"line":182,"column":5}},"74":{"start":{"line":181,"column":6},"end":{"line":181,"column":70}},"75":{"start":{"line":183,"column":4},"end":{"line":185,"column":5}},"76":{"start":{"line":184,"column":6},"end":{"line":184,"column":70}},"77":{"start":{"line":188,"column":25},"end":{"line":188,"column":63}},"78":{"start":{"line":189,"column":4},"end":{"line":189,"column":34}},"79":{"start":{"line":190,"column":4},"end":{"line":190,"column":63}},"80":{"start":{"line":191,"column":4},"end":{"line":191,"column":22}},"81":{"start":{"line":194,"column":28},"end":{"line":198,"column":5}},"82":{"start":{"line":200,"column":27},"end":{"line":204,"column":5}},"83":{"start":{"line":206,"column":23},"end":{"line":206,"column":60}},"84":{"start":{"line":207,"column":4},"end":{"line":212,"column":7}},"85":{"start":{"line":213,"column":4},"end":{"line":218,"column":7}},"86":{"start":{"line":220,"column":4},"end":{"line":220,"column":46}},"87":{"start":{"line":222,"column":4},"end":{"line":222,"column":23}},"88":{"start":{"line":223,"column":4},"end":{"line":223,"column":52}},"89":{"start":{"line":231,"column":0},"end":{"line":244,"column":3}},"90":{"start":{"line":232,"column":2},"end":{"line":243,"column":3}},"91":{"start":{"line":233,"column":23},"end":{"line":233,"column":48}},"92":{"start":{"line":234,"column":16},"end":{"line":234,"column":96}},"93":{"start":{"line":235,"column":4},"end":{"line":235,"column":64}},"94":{"start":{"line":235,"column":31},"end":{"line":235,"column":64}},"95":{"start":{"line":236,"column":4},"end":{"line":236,"column":67}},"96":{"start":{"line":236,"column":16},"end":{"line":236,"column":67}},"97":{"start":{"line":238,"column":20},"end":{"line":238,"column":96}},"98":{"start":{"line":239,"column":17},"end":{"line":239,"column":105}},"99":{"start":{"line":240,"column":4},"end":{"line":240,"column":30}},"100":{"start":{"line":242,"column":4},"end":{"line":242,"column":60}},"101":{"start":{"line":250,"column":0},"end":{"line":268,"column":3}},"102":{"start":{"line":251,"column":2},"end":{"line":267,"column":3}},"103":{"start":{"line":252,"column":18},"end":{"line":252,"column":44}},"104":{"start":{"line":253,"column":4},"end":{"line":259,"column":5}},"105":{"start":{"line":254,"column":6},"end":{"line":258,"column":37}},"106":{"start":{"line":255,"column":24},"end":{"line":255,"column":92}},"107":{"start":{"line":256,"column":21},"end":{"line":256,"column":53}},"108":{"start":{"line":257,"column":8},"end":{"line":257,"column":91}},"109":{"start":{"line":257,"column":20},"end":{"line":257,"column":42}},"110":{"start":{"line":257,"column":43},"end":{"line":257,"column":70}},"111":{"start":{"line":257,"column":71},"end":{"line":257,"column":89}},"112":{"start":{"line":260,"column":23},"end":{"line":260,"column":60}},"113":{"start":{"line":261,"column":4},"end":{"line":261,"column":96}},"114":{"start":{"line":262,"column":4},"end":{"line":262,"column":97}},"115":{"start":{"line":263,"column":4},"end":{"line":263,"column":47}},"116":{"start":{"line":265,"column":4},"end":{"line":265,"column":23}},"117":{"start":{"line":266,"column":4},"end":{"line":266,"column":52}},"118":{"start":{"line":270,"column":0},"end":{"line":270,"column":24}}},"fnMap":{"0":{"name":"(anonymous_0)","decl":{"start":{"line":28,"column":16},"end":{"line":28,"column":17}},"loc":{"start":{"line":28,"column":25},"end":{"line":32,"column":3}},"line":28},"1":{"name":"(anonymous_1)","decl":{"start":{"line":33,"column":11},"end":{"line":33,"column":12}},"loc":{"start":{"line":33,"column":25},"end":{"line":33,"column":102}},"line":33},"2":{"name":"(anonymous_2)","decl":{"start":{"line":40,"column":38},"end":{"line":40,"column":39}},"loc":{"start":{"line":40,"column":58},"end":{"line":92,"column":1}},"line":40},"3":{"name":"(anonymous_3)","decl":{"start":{"line":98,"column":35},"end":{"line":98,"column":36}},"loc":{"start":{"line":98,"column":55},"end":{"line":161,"column":1}},"line":98},"4":{"name":"(anonymous_4)","decl":{"start":{"line":167,"column":24},"end":{"line":167,"column":25}},"loc":{"start":{"line":167,"column":44},"end":{"line":225,"column":1}},"line":167},"5":{"name":"(anonymous_5)","decl":{"start":{"line":231,"column":18},"end":{"line":231,"column":19}},"loc":{"start":{"line":231,"column":32},"end":{"line":244,"column":1}},"line":231},"6":{"name":"(anonymous_6)","decl":{"start":{"line":250,"column":23},"end":{"line":250,"column":24}},"loc":{"start":{"line":250,"column":43},"end":{"line":268,"column":1}},"line":250}},"branchMap":{"0":{"loc":{"start":{"line":30,"column":23},"end":{"line":30,"column":46}},"type":"binary-expr","locations":[{"start":{"line":30,"column":23},"end":{"line":30,"column":40}},{"start":{"line":30,"column":44},"end":{"line":30,"column":46}}],"line":30},"1":{"loc":{"start":{"line":30,"column":50},"end":{"line":30,"column":78}},"type":"binary-expr","locations":[{"start":{"line":30,"column":50},"end":{"line":30,"column":72}},{"start":{"line":30,"column":76},"end":{"line":30,"column":78}}],"line":30},"2":{"loc":{"start":{"line":31,"column":11},"end":{"line":31,"column":28}},"type":"binary-expr","locations":[{"start":{"line":31,"column":11},"end":{"line":31,"column":18}},{"start":{"line":31,"column":22},"end":{"line":31,"column":28}}],"line":31},"3":{"loc":{"start":{"line":45,"column":4},"end":{"line":47,"column":5}},"type":"if","locations":[{"start":{"line":45,"column":4},"end":{"line":47,"column":5}},{"start":{},"end":{}}],"line":45},"4":{"loc":{"start":{"line":45,"column":8},"end":{"line":45,"column":74}},"type":"binary-expr","locations":[{"start":{"line":45,"column":8},"end":{"line":45,"column":17}},{"start":{"line":45,"column":21},"end":{"line":45,"column":30}},{"start":{"line":45,"column":34},"end":{"line":45,"column":48}},{"start":{"line":45,"column":52},"end":{"line":45,"column":61}},{"start":{"line":45,"column":65},"end":{"line":45,"column":74}}],"line":45},"5":{"loc":{"start":{"line":50,"column":4},"end":{"line":58,"column":5}},"type":"if","locations":[{"start":{"line":50,"column":4},"end":{"line":58,"column":5}},{"start":{},"end":{}}],"line":50},"6":{"loc":{"start":{"line":51,"column":6},"end":{"line":55,"column":39}},"type":"binary-expr","locations":[{"start":{"line":51,"column":6},"end":{"line":51,"column":39}},{"start":{"line":52,"column":6},"end":{"line":52,"column":39}},{"start":{"line":53,"column":6},"end":{"line":53,"column":49}},{"start":{"line":54,"column":6},"end":{"line":54,"column":39}},{"start":{"line":55,"column":6},"end":{"line":55,"column":39}}],"line":51},"7":{"loc":{"start":{"line":62,"column":4},"end":{"line":62,"column":91}},"type":"if","locations":[{"start":{"line":62,"column":4},"end":{"line":62,"column":91}},{"start":{},"end":{}}],"line":62},"8":{"loc":{"start":{"line":81,"column":4},"end":{"line":83,"column":5}},"type":"if","locations":[{"start":{"line":81,"column":4},"end":{"line":83,"column":5}},{"start":{},"end":{}}],"line":81},"9":{"loc":{"start":{"line":84,"column":4},"end":{"line":87,"column":5}},"type":"if","locations":[{"start":{"line":84,"column":4},"end":{"line":87,"column":5}},{"start":{},"end":{}}],"line":84},"10":{"loc":{"start":{"line":85,"column":35},"end":{"line":85,"column":53}},"type":"binary-expr","locations":[{"start":{"line":85,"column":35},"end":{"line":85,"column":47}},{"start":{"line":85,"column":51},"end":{"line":85,"column":53}}],"line":85},"11":{"loc":{"start":{"line":103,"column":4},"end":{"line":105,"column":5}},"type":"if","locations":[{"start":{"line":103,"column":4},"end":{"line":105,"column":5}},{"start":{},"end":{}}],"line":103},"12":{"loc":{"start":{"line":103,"column":8},"end":{"line":103,"column":48}},"type":"binary-expr","locations":[{"start":{"line":103,"column":8},"end":{"line":103,"column":17}},{"start":{"line":103,"column":21},"end":{"line":103,"column":30}},{"start":{"line":103,"column":34},"end":{"line":103,"column":48}}],"line":103},"13":{"loc":{"start":{"line":108,"column":4},"end":{"line":110,"column":5}},"type":"if","locations":[{"start":{"line":108,"column":4},"end":{"line":110,"column":5}},{"start":{},"end":{}}],"line":108},"14":{"loc":{"start":{"line":114,"column":4},"end":{"line":114,"column":77}},"type":"if","locations":[{"start":{"line":114,"column":4},"end":{"line":114,"column":77}},{"start":{},"end":{}}],"line":114},"15":{"loc":{"start":{"line":117,"column":4},"end":{"line":117,"column":78}},"type":"if","locations":[{"start":{"line":117,"column":4},"end":{"line":117,"column":78}},{"start":{},"end":{}}],"line":117},"16":{"loc":{"start":{"line":130,"column":6},"end":{"line":130,"column":43}},"type":"binary-expr","locations":[{"start":{"line":130,"column":6},"end":{"line":130,"column":28}},{"start":{"line":130,"column":32},"end":{"line":130,"column":43}}],"line":130},"17":{"loc":{"start":{"line":137,"column":6},"end":{"line":137,"column":55}},"type":"binary-expr","locations":[{"start":{"line":137,"column":6},"end":{"line":137,"column":36}},{"start":{"line":137,"column":40},"end":{"line":137,"column":55}}],"line":137},"18":{"loc":{"start":{"line":170,"column":4},"end":{"line":170,"column":75}},"type":"if","locations":[{"start":{"line":170,"column":4},"end":{"line":170,"column":75}},{"start":{},"end":{}}],"line":170},"19":{"loc":{"start":{"line":174,"column":34},"end":{"line":174,"column":83}},"type":"binary-expr","locations":[{"start":{"line":174,"column":34},"end":{"line":174,"column":64}},{"start":{"line":174,"column":68},"end":{"line":174,"column":83}}],"line":174},"20":{"loc":{"start":{"line":180,"column":4},"end":{"line":182,"column":5}},"type":"if","locations":[{"start":{"line":180,"column":4},"end":{"line":182,"column":5}},{"start":{},"end":{}}],"line":180},"21":{"loc":{"start":{"line":180,"column":8},"end":{"line":180,"column":66}},"type":"binary-expr","locations":[{"start":{"line":180,"column":8},"end":{"line":180,"column":13}},{"start":{"line":180,"column":17},"end":{"line":180,"column":32}},{"start":{"line":180,"column":36},"end":{"line":180,"column":66}}],"line":180},"22":{"loc":{"start":{"line":183,"column":4},"end":{"line":185,"column":5}},"type":"if","locations":[{"start":{"line":183,"column":4},"end":{"line":185,"column":5}},{"start":{},"end":{}}],"line":183},"23":{"loc":{"start":{"line":183,"column":8},"end":{"line":183,"column":63}},"type":"binary-expr","locations":[{"start":{"line":183,"column":8},"end":{"line":183,"column":27}},{"start":{"line":183,"column":31},"end":{"line":183,"column":63}}],"line":183},"24":{"loc":{"start":{"line":196,"column":6},"end":{"line":196,"column":55}},"type":"binary-expr","locations":[{"start":{"line":196,"column":6},"end":{"line":196,"column":36}},{"start":{"line":196,"column":40},"end":{"line":196,"column":55}}],"line":196},"25":{"loc":{"start":{"line":202,"column":6},"end":{"line":202,"column":43}},"type":"binary-expr","locations":[{"start":{"line":202,"column":6},"end":{"line":202,"column":28}},{"start":{"line":202,"column":32},"end":{"line":202,"column":43}}],"line":202},"26":{"loc":{"start":{"line":234,"column":16},"end":{"line":234,"column":96}},"type":"cond-expr","locations":[{"start":{"line":234,"column":65},"end":{"line":234,"column":89}},{"start":{"line":234,"column":92},"end":{"line":234,"column":96}}],"line":234},"27":{"loc":{"start":{"line":234,"column":16},"end":{"line":234,"column":62}},"type":"binary-expr","locations":[{"start":{"line":234,"column":16},"end":{"line":234,"column":26}},{"start":{"line":234,"column":30},"end":{"line":234,"column":62}}],"line":234},"28":{"loc":{"start":{"line":235,"column":4},"end":{"line":235,"column":64}},"type":"if","locations":[{"start":{"line":235,"column":4},"end":{"line":235,"column":64}},{"start":{},"end":{}}],"line":235},"29":{"loc":{"start":{"line":235,"column":8},"end":{"line":235,"column":29}},"type":"binary-expr","locations":[{"start":{"line":235,"column":8},"end":{"line":235,"column":14}},{"start":{"line":235,"column":18},"end":{"line":235,"column":29}}],"line":235},"30":{"loc":{"start":{"line":236,"column":4},"end":{"line":236,"column":67}},"type":"if","locations":[{"start":{"line":236,"column":4},"end":{"line":236,"column":67}},{"start":{},"end":{}}],"line":236},"31":{"loc":{"start":{"line":238,"column":58},"end":{"line":238,"column":95}},"type":"binary-expr","locations":[{"start":{"line":238,"column":58},"end":{"line":238,"column":80}},{"start":{"line":238,"column":84},"end":{"line":238,"column":95}}],"line":238},"32":{"loc":{"start":{"line":239,"column":23},"end":{"line":239,"column":67}},"type":"binary-expr","locations":[{"start":{"line":239,"column":23},"end":{"line":239,"column":34}},{"start":{"line":239,"column":38},"end":{"line":239,"column":49}},{"start":{"line":239,"column":53},"end":{"line":239,"column":67}}],"line":239},"33":{"loc":{"start":{"line":239,"column":75},"end":{"line":239,"column":103}},"type":"binary-expr","locations":[{"start":{"line":239,"column":75},"end":{"line":239,"column":87}},{"start":{"line":239,"column":91},"end":{"line":239,"column":103}}],"line":239},"34":{"loc":{"start":{"line":253,"column":4},"end":{"line":259,"column":5}},"type":"if","locations":[{"start":{"line":253,"column":4},"end":{"line":259,"column":5}},{"start":{},"end":{}}],"line":253},"35":{"loc":{"start":{"line":255,"column":42},"end":{"line":255,"column":91}},"type":"binary-expr","locations":[{"start":{"line":255,"column":42},"end":{"line":255,"column":72}},{"start":{"line":255,"column":76},"end":{"line":255,"column":91}}],"line":255},"36":{"loc":{"start":{"line":257,"column":8},"end":{"line":257,"column":91}},"type":"if","locations":[{"start":{"line":257,"column":8},"end":{"line":257,"column":91}},{"start":{},"end":{}}],"line":257}},"s":{"0":3,"1":3,"2":3,"3":3,"4":3,"5":3,"6":3,"7":3,"8":3,"9":3,"10":3,"11":3,"12":3,"13":3,"14":3,"15":3,"16":0,"17":0,"18":0,"19":3,"20":4,"21":4,"22":4,"23":1,"24":3,"25":1,"26":2,"27":2,"28":1,"29":1,"30":1,"31":1,"32":0,"33":0,"34":0,"35":0,"36":0,"37":0,"38":0,"39":3,"40":5,"41":5,"42":5,"43":1,"44":4,"45":1,"46":3,"47":3,"48":1,"49":2,"50":2,"51":1,"52":1,"53":1,"54":1,"55":1,"56":1,"57":1,"58":1,"59":1,"60":1,"61":1,"62":0,"63":0,"64":3,"65":5,"66":5,"67":5,"68":1,"69":4,"70":4,"71":1,"72":3,"73":3,"74":1,"75":2,"76":1,"77":1,"78":1,"79":1,"80":1,"81":1,"82":1,"83":1,"84":1,"85":1,"86":1,"87":0,"88":0,"89":3,"90":4,"91":4,"92":4,"93":4,"94":2,"95":4,"96":1,"97":3,"98":2,"99":2,"100":1,"101":3,"102":0,"103":0,"104":0,"105":0,"106":0,"107":0,"108":0,"109":0,"110":0,"111":0,"112":0,"113":0,"114":0,"115":0,"116":0,"117":0,"118":3},"f":{"0":0,"1":0,"2":4,"3":5,"4":5,"5":4,"6":0},"b":{"0":[0,0],"1":[0,0],"2":[0,0],"3":[1,3],"4":[4,3,3,3,3],"5":[1,2],"6":[3,2,2,2,2],"7":[1,1],"8":[0,0],"9":[0,0],"10":[0,0],"11":[1,4],"12":[5,5,5],"13":[1,3],"14":[1,2],"15":[1,1],"16":[1,0],"17":[1,0],"18":[1,4],"19":[4,0],"20":[1,2],"21":[3,3,3],"22":[1,1],"23":[2,2],"24":[1,0],"25":[1,0],"26":[2,2],"27":[4,2],"28":[2,2],"29":[4,2],"30":[1,3],"31":[3,0],"32":[2,0,0],"33":[2,0],"34":[0,0],"35":[0,0],"36":[0,0]},"_coverageSchema":"1a1c01bbd47fc00a2c39e90264f33305004495a9","hash":"04c7148116b932cdf1593cfe29158f69a8fea487"}
,"C:\\Users\\Hamza\\Desktop\\insy7314-poe-part-2-ST10249863-TiffanyMather\\src\\routes\\payments.js": {"path":"C:\\Users\\Hamza\\Desktop\\insy7314-poe-part-2-ST10249863-TiffanyMather\\src\\routes\\payments.js","statementMap":{"0":{"start":{"line":1,"column":16},"end":{"line":1,"column":34}},"1":{"start":{"line":2,"column":15},"end":{"line":2,"column":31}},"2":{"start":{"line":3,"column":97},"end":{"line":3,"column":141}},"3":{"start":{"line":4,"column":17},"end":{"line":4,"column":46}},"4":{"start":{"line":10,"column":0},"end":{"line":10,"column":17}},"5":{"start":{"line":13,"column":0},"end":{"line":13,"column":32}},"6":{"start":{"line":16,"column":0},"end":{"line":16,"column":36}},"7":{"start":{"line":19,"column":0},"end":{"line":19,"column":36}},"8":{"start":{"line":22,"column":0},"end":{"line":22,"column":35}},"9":{"start":{"line":25,"column":0},"end":{"line":25,"column":49}},"10":{"start":{"line":27,"column":0},"end":{"line":27,"column":24}}},"fnMap":{},"branchMap":{},"s":{"0":3,"1":3,"2":3,"3":3,"4":3,"5":3,"6":3,"7":3,"8":3,"9":3,"10":3},"f":{},"b":{},"_coverageSchema":"1a1c01bbd47fc00a2c39e90264f33305004495a9","hash":"69dbe6de8d7605bd7dab0c603b7411a96cf1268b"}
,"C:\\Users\\Hamza\\Desktop\\insy7314-poe-part-2-ST10249863-TiffanyMather\\src\\seed\\seedEmployee.js": {"path":"C:\\Users\\Hamza\\Desktop\\insy7314-poe-part-2-ST10249863-TiffanyMather\\src\\seed\\seedEmployee.js","statementMap":{"0":{"start":{"line":1,"column":17},"end":{"line":1,"column":36}},"1":{"start":{"line":2,"column":15},"end":{"line":2,"column":32}},"2":{"start":{"line":3,"column":0},"end":{"line":3,"column":26}},"3":{"start":{"line":5,"column":13},"end":{"line":5,"column":41}},"4":{"start":{"line":6,"column":20},"end":{"line":6,"column":22}},"5":{"start":{"line":13,"column":2},"end":{"line":44,"column":3}},"6":{"start":{"line":15,"column":4},"end":{"line":15,"column":49}},"7":{"start":{"line":18,"column":21},"end":{"line":18,"column":69}},"8":{"start":{"line":19,"column":4},"end":{"line":23,"column":5}},"9":{"start":{"line":20,"column":6},"end":{"line":20,"column":64}},"10":{"start":{"line":21,"column":6},"end":{"line":21,"column":33}},"11":{"start":{"line":22,"column":6},"end":{"line":22,"column":12}},"12":{"start":{"line":26,"column":25},"end":{"line":26,"column":67}},"13":{"start":{"line":29,"column":24},"end":{"line":36,"column":6}},"14":{"start":{"line":38,"column":4},"end":{"line":38,"column":61}},"15":{"start":{"line":39,"column":4},"end":{"line":39,"column":31}},"16":{"start":{"line":42,"column":4},"end":{"line":42,"column":49}},"17":{"start":{"line":43,"column":4},"end":{"line":43,"column":19}},"18":{"start":{"line":47,"column":0},"end":{"line":47,"column":14}}},"fnMap":{"0":{"name":"seedEmployee","decl":{"start":{"line":12,"column":15},"end":{"line":12,"column":27}},"loc":{"start":{"line":12,"column":30},"end":{"line":45,"column":1}},"line":12}},"branchMap":{"0":{"loc":{"start":{"line":19,"column":4},"end":{"line":23,"column":5}},"type":"if","locations":[{"start":{"line":19,"column":4},"end":{"line":23,"column":5}},{"start":{},"end":{}}],"line":19}},"s":{"0":0,"1":0,"2":0,"3":0,"4":0,"5":0,"6":0,"7":0,"8":0,"9":0,"10":0,"11":0,"12":0,"13":0,"14":0,"15":0,"16":0,"17":0,"18":0},"f":{"0":0},"b":{"0":[0,0]}}
,"C:\\Users\\Hamza\\Desktop\\insy7314-poe-part-2-ST10249863-TiffanyMather\\src\\validation\\authValidation.js": {"path":"C:\\Users\\Hamza\\Desktop\\insy7314-poe-part-2-ST10249863-TiffanyMather\\src\\validation\\authValidation.js","statementMap":{"0":{"start":{"line":1,"column":0},"end":{"line":21,"column":1}}},"fnMap":{},"branchMap":{},"s":{"0":4},"f":{},"b":{},"_coverageSchema":"1a1c01bbd47fc00a2c39e90264f33305004495a9","hash":"7a04d71a1267971ea5eaa0fc2deed2e426133bd0"}
,"C:\\Users\\Hamza\\Desktop\\insy7314-poe-part-2-ST10249863-TiffanyMather\\src\\validation\\paymentValidation.js": {"path":"C:\\Users\\Hamza\\Desktop\\insy7314-poe-part-2-ST10249863-TiffanyMather\\src\\validation\\paymentValidation.js","statementMap":{"0":{"start":{"line":1,"column":12},"end":{"line":1,"column":26}},"1":{"start":{"line":2,"column":11},"end":{"line":2,"column":36}},"2":{"start":{"line":5,"column":17},"end":{"line":5,"column":62}},"3":{"start":{"line":8,"column":21},"end":{"line":11,"column":20}},"4":{"start":{"line":9,"column":2},"end":{"line":9,"column":102}},"5":{"start":{"line":9,"column":19},"end":{"line":9,"column":102}},"6":{"start":{"line":10,"column":2},"end":{"line":10,"column":11}},"7":{"start":{"line":17,"column":0},"end":{"line":38,"column":2}}},"fnMap":{"0":{"name":"(anonymous_0)","decl":{"start":{"line":8,"column":63},"end":{"line":8,"column":64}},"loc":{"start":{"line":8,"column":79},"end":{"line":11,"column":1}},"line":8}},"branchMap":{"0":{"loc":{"start":{"line":9,"column":2},"end":{"line":9,"column":102}},"type":"if","locations":[{"start":{"line":9,"column":2},"end":{"line":9,"column":102}},{"start":{},"end":{}}],"line":9}},"s":{"0":3,"1":3,"2":3,"3":3,"4":0,"5":0,"6":0,"7":3},"f":{"0":0},"b":{"0":[0,0]},"_coverageSchema":"1a1c01bbd47fc00a2c39e90264f33305004495a9","hash":"ab7c64345abd2437929c55a4b7ede9665963740d"}
}
