TN:
SF:src\app.js
FN:87,(anonymous_0)
FN:111,(anonymous_1)
FN:129,(anonymous_2)
FN:133,(anonymous_3)
FN:141,(anonymous_4)
FN:149,(anonymous_5)
FNF:6
FNH:2
FNDA:0,(anonymous_0)
FNDA:1,(anonymous_1)
FNDA:0,(anonymous_2)
FNDA:2,(anonymous_3)
FNDA:0,(anonymous_4)
FNDA:0,(anonymous_5)
DA:1,3
DA:2,3
DA:3,3
DA:4,3
DA:5,3
DA:6,3
DA:7,3
DA:9,3
DA:10,3
DA:12,3
DA:18,3
DA:19,0
DA:21,3
DA:28,3
DA:29,3
DA:30,3
DA:41,3
DA:44,3
DA:58,3
DA:76,3
DA:80,3
DA:86,3
DA:87,0
DA:88,0
DA:89,0
DA:91,0
DA:107,3
DA:108,3
DA:111,3
DA:112,1
DA:117,1
DA:123,3
DA:126,3
DA:129,3
DA:130,0
DA:133,3
DA:134,2
DA:141,3
DA:142,0
DA:143,0
DA:145,0
DA:149,3
DA:150,0
DA:151,0
DA:154,3
LF:45
LH:34
BRDA:18,0,0,0
BRDA:18,0,1,3
BRDA:59,1,0,3
BRDA:59,1,1,0
BRDA:86,2,0,0
BRDA:86,2,1,3
BRDA:88,3,0,0
BRDA:88,3,1,0
BRDA:142,4,0,0
BRDA:142,4,1,0
BRDA:142,5,0,0
BRDA:142,5,1,0
BRF:12
BRH:3
end_of_record
TN:
SF:src\controllers\paymentsController.js
FN:6,(anonymous_0)
FN:9,(anonymous_1)
FN:19,(anonymous_2)
FN:51,(anonymous_3)
FN:61,(anonymous_4)
FN:75,(anonymous_5)
FN:87,(anonymous_6)
FN:110,(anonymous_7)
FN:144,(anonymous_8)
FNF:9
FNH:0
FNDA:0,(anonymous_0)
FNDA:0,(anonymous_1)
FNDA:0,(anonymous_2)
FNDA:0,(anonymous_3)
FNDA:0,(anonymous_4)
FNDA:0,(anonymous_5)
FNDA:0,(anonymous_6)
FNDA:0,(anonymous_7)
FNDA:0,(anonymous_8)
DA:2,3
DA:3,3
DA:4,3
DA:6,3
DA:9,3
DA:10,0
DA:12,0
DA:15,0
DA:16,0
DA:17,0
DA:19,0
DA:24,0
DA:25,0
DA:26,0
DA:27,0
DA:28,0
DA:30,0
DA:43,0
DA:45,0
DA:46,0
DA:51,3
DA:52,0
DA:54,0
DA:56,0
DA:61,0
DA:67,0
DA:69,0
DA:70,0
DA:75,3
DA:76,0
DA:78,0
DA:79,0
DA:82,0
DA:87,0
DA:101,0
DA:102,0
DA:104,0
DA:105,0
DA:110,3
DA:111,0
DA:112,0
DA:113,0
DA:116,0
DA:118,0
DA:119,0
DA:123,0
DA:124,0
DA:125,0
DA:128,0
DA:134,0
DA:136,0
DA:138,0
DA:139,0
DA:144,3
DA:145,0
DA:147,0
DA:149,0
DA:151,0
DA:152,0
DA:155,0
DA:156,0
DA:158,0
DA:159,0
DA:161,0
DA:163,0
DA:164,0
LF:66
LH:9
BRDA:6,0,0,0
BRDA:6,0,1,0
BRDA:12,1,0,0
BRDA:12,1,1,0
BRDA:12,2,0,0
BRDA:12,2,1,0
BRDA:16,3,0,0
BRDA:16,3,1,0
BRDA:28,4,0,0
BRDA:28,4,1,0
BRDA:34,5,0,0
BRDA:34,5,1,0
BRDA:38,6,0,0
BRDA:38,6,1,0
BRDA:54,7,0,0
BRDA:54,7,1,0
BRDA:54,8,0,0
BRDA:54,8,1,0
BRDA:64,9,0,0
BRDA:64,9,1,0
BRDA:78,10,0,0
BRDA:78,10,1,0
BRDA:78,11,0,0
BRDA:78,11,1,0
BRDA:97,12,0,0
BRDA:97,12,1,0
BRDA:98,13,0,0
BRDA:98,13,1,0
BRDA:113,14,0,0
BRDA:113,14,1,0
BRDA:116,15,0,0
BRDA:116,15,1,0
BRDA:118,16,0,0
BRDA:118,16,1,0
BRDA:118,17,0,0
BRDA:118,17,1,0
BRDA:124,18,0,0
BRDA:124,18,1,0
BRDA:131,19,0,0
BRDA:131,19,1,0
BRDA:132,20,0,0
BRDA:132,20,1,0
BRDA:147,21,0,0
BRDA:147,21,1,0
BRDA:147,22,0,0
BRDA:147,22,1,0
BRDA:151,23,0,0
BRDA:151,23,1,0
BRDA:156,24,0,0
BRDA:156,24,1,0
BRF:50
BRH:0
end_of_record
TN:
SF:src\middleware\auth.js
FN:12,auth
FN:51,authorize
FN:52,(anonymous_2)
FNF:3
FNH:3
FNDA:3,auth
FNDA:3,authorize
FNDA:3,(anonymous_2)
DA:2,4
DA:14,3
DA:15,3
DA:17,3
DA:18,2
DA:22,3
DA:23,0
DA:27,3
DA:28,1
DA:31,2
DA:33,2
DA:36,1
DA:37,1
DA:38,0
DA:42,1
DA:43,1
DA:46,1
DA:52,3
DA:54,3
DA:57,2
DA:59,1
DA:63,4
LF:22
LH:20
BRDA:17,0,0,2
BRDA:17,0,1,1
BRDA:17,1,0,3
BRDA:17,1,1,2
BRDA:22,2,0,0
BRDA:22,2,1,3
BRDA:22,3,0,3
BRDA:22,3,1,1
BRDA:22,3,2,1
BRDA:27,4,0,1
BRDA:27,4,1,2
BRDA:33,5,0,2
BRDA:33,5,1,0
BRDA:36,6,0,1
BRDA:36,6,1,1
BRDA:36,6,2,1
BRDA:36,6,3,1
BRDA:37,7,0,0
BRDA:37,7,1,1
BRDA:54,8,0,1
BRDA:54,8,1,2
BRDA:57,9,0,1
BRDA:57,9,1,1
BRF:23
BRH:20
end_of_record
TN:
SF:src\models\Payment.js
FNF:0
FNH:0
DA:1,3
DA:4,3
DA:35,3
DA:37,3
LF:4
LH:4
BRF:0
BRH:0
end_of_record
TN:
SF:src\models\User.js
FNF:0
FNH:0
DA:1,3
DA:4,3
DA:23,3
LF:3
LH:3
BRF:0
BRH:0
end_of_record
TN:
SF:src\models\_mocks__\User.js
FNF:0
FNH:0
DA:2,0
DA:3,0
LF:2
LH:0
BRF:0
BRH:0
end_of_record
TN:
SF:src\routes\auth.js
FN:28,(anonymous_0)
FN:33,(anonymous_1)
FN:40,(anonymous_2)
FN:98,(anonymous_3)
FN:167,(anonymous_4)
FN:231,(anonymous_5)
FN:250,(anonymous_6)
FNF:7
FNH:4
FNDA:0,(anonymous_0)
FNDA:0,(anonymous_1)
FNDA:4,(anonymous_2)
FNDA:5,(anonymous_3)
FNDA:5,(anonymous_4)
FNDA:4,(anonymous_5)
FNDA:0,(anonymous_6)
DA:1,3
DA:2,3
DA:3,3
DA:4,3
DA:5,3
DA:6,3
DA:7,3
DA:8,3
DA:10,3
DA:11,3
DA:13,3
DA:14,3
DA:20,3
DA:21,3
DA:22,3
DA:25,3
DA:30,0
DA:31,0
DA:33,0
DA:40,3
DA:41,4
DA:42,4
DA:45,4
DA:46,1
DA:50,3
DA:57,1
DA:61,2
DA:62,2
DA:65,1
DA:67,1
DA:76,1
DA:78,0
DA:81,0
DA:82,0
DA:84,0
DA:85,0
DA:86,0
DA:90,0
DA:98,3
DA:99,5
DA:100,5
DA:103,5
DA:104,1
DA:108,4
DA:109,1
DA:113,3
DA:114,3
DA:116,2
DA:117,2
DA:120,1
DA:121,1
DA:122,1
DA:123,1
DA:125,1
DA:128,1
DA:135,1
DA:142,1
DA:149,1
DA:156,1
DA:158,0
DA:159,0
DA:167,3
DA:168,5
DA:169,5
DA:170,5
DA:173,4
DA:174,4
DA:176,1
DA:179,3
DA:180,3
DA:181,1
DA:183,2
DA:184,1
DA:188,1
DA:189,1
DA:190,1
DA:191,1
DA:194,1
DA:200,1
DA:206,1
DA:207,1
DA:213,1
DA:220,1
DA:222,0
DA:223,0
DA:231,3
DA:232,4
DA:233,4
DA:234,4
DA:235,4
DA:236,4
DA:238,3
DA:239,2
DA:240,2
DA:242,1
DA:250,3
DA:251,0
DA:252,0
DA:253,0
DA:254,0
DA:255,0
DA:256,0
DA:257,0
DA:260,0
DA:261,0
DA:262,0
DA:263,0
DA:265,0
DA:266,0
DA:270,3
LF:110
LH:83
BRDA:30,0,0,0
BRDA:30,0,1,0
BRDA:30,1,0,0
BRDA:30,1,1,0
BRDA:31,2,0,0
BRDA:31,2,1,0
BRDA:45,3,0,1
BRDA:45,3,1,3
BRDA:45,4,0,4
BRDA:45,4,1,3
BRDA:45,4,2,3
BRDA:45,4,3,3
BRDA:45,4,4,3
BRDA:50,5,0,1
BRDA:50,5,1,2
BRDA:51,6,0,3
BRDA:51,6,1,2
BRDA:51,6,2,2
BRDA:51,6,3,2
BRDA:51,6,4,2
BRDA:62,7,0,1
BRDA:62,7,1,1
BRDA:81,8,0,0
BRDA:81,8,1,0
BRDA:84,9,0,0
BRDA:84,9,1,0
BRDA:85,10,0,0
BRDA:85,10,1,0
BRDA:103,11,0,1
BRDA:103,11,1,4
BRDA:103,12,0,5
BRDA:103,12,1,5
BRDA:103,12,2,5
BRDA:108,13,0,1
BRDA:108,13,1,3
BRDA:114,14,0,1
BRDA:114,14,1,2
BRDA:117,15,0,1
BRDA:117,15,1,1
BRDA:130,16,0,1
BRDA:130,16,1,0
BRDA:137,17,0,1
BRDA:137,17,1,0
BRDA:170,18,0,1
BRDA:170,18,1,4
BRDA:174,19,0,4
BRDA:174,19,1,0
BRDA:180,20,0,1
BRDA:180,20,1,2
BRDA:180,21,0,3
BRDA:180,21,1,3
BRDA:180,21,2,3
BRDA:183,22,0,1
BRDA:183,22,1,1
BRDA:183,23,0,2
BRDA:183,23,1,2
BRDA:196,24,0,1
BRDA:196,24,1,0
BRDA:202,25,0,1
BRDA:202,25,1,0
BRDA:234,26,0,2
BRDA:234,26,1,2
BRDA:234,27,0,4
BRDA:234,27,1,2
BRDA:235,28,0,2
BRDA:235,28,1,2
BRDA:235,29,0,4
BRDA:235,29,1,2
BRDA:236,30,0,1
BRDA:236,30,1,3
BRDA:238,31,0,3
BRDA:238,31,1,0
BRDA:239,32,0,2
BRDA:239,32,1,0
BRDA:239,32,2,0
BRDA:239,33,0,2
BRDA:239,33,1,0
BRDA:253,34,0,0
BRDA:253,34,1,0
BRDA:255,35,0,0
BRDA:255,35,1,0
BRDA:257,36,0,0
BRDA:257,36,1,0
BRF:83
BRH:56
end_of_record
TN:
SF:src\routes\payments.js
FNF:0
FNH:0
DA:1,3
DA:2,3
DA:3,3
DA:4,3
DA:10,3
DA:13,3
DA:16,3
DA:19,3
DA:22,3
DA:25,3
DA:27,3
LF:11
LH:11
BRF:0
BRH:0
end_of_record
TN:
SF:src\seed\seedEmployee.js
FN:12,seedEmployee
FNF:1
FNH:0
FNDA:0,seedEmployee
DA:1,0
DA:2,0
DA:3,0
DA:5,0
DA:6,0
DA:13,0
DA:15,0
DA:18,0
DA:19,0
DA:20,0
DA:21,0
DA:22,0
DA:26,0
DA:29,0
DA:38,0
DA:39,0
DA:42,0
DA:43,0
DA:47,0
LF:19
LH:0
BRDA:19,0,0,0
BRDA:19,0,1,0
BRF:2
BRH:0
end_of_record
TN:
SF:src\validation\authValidation.js
FNF:0
FNH:0
DA:1,4
LF:1
LH:1
BRF:0
BRH:0
end_of_record
TN:
SF:src\validation\paymentValidation.js
FN:8,(anonymous_0)
FNF:1
FNH:0
FNDA:0,(anonymous_0)
DA:1,3
DA:2,3
DA:5,3
DA:8,3
DA:9,0
DA:10,0
DA:17,3
LF:7
LH:5
BRDA:9,0,0,0
BRDA:9,0,1,0
BRF:2
BRH:0
end_of_record
