TN:
SF:src\app.js
FN:87,(anonymous_0)
FN:111,(anonymous_1)
FN:129,(anonymous_2)
FN:133,(anonymous_3)
FN:141,(anonymous_4)
FN:149,(anonymous_5)
FNF:6
FNH:2
FNDA:0,(anonymous_0)
FNDA:1,(anonymous_1)
FNDA:0,(anonymous_2)
FNDA:2,(anonymous_3)
FNDA:0,(anonymous_4)
FNDA:0,(anonymous_5)
DA:1,3
DA:2,3
DA:3,3
DA:4,3
DA:5,3
DA:6,3
DA:7,3
DA:9,3
DA:10,3
DA:12,3
DA:18,3
DA:19,0
DA:21,3
DA:28,3
DA:29,3
DA:30,3
DA:41,3
DA:44,3
DA:58,3
DA:76,3
DA:80,3
DA:86,3
DA:87,0
DA:88,0
DA:89,0
DA:91,0
DA:107,3
DA:108,3
DA:111,3
DA:112,1
DA:117,1
DA:123,3
DA:126,3
DA:129,3
DA:130,0
DA:133,3
DA:134,2
DA:141,3
DA:142,0
DA:143,0
DA:145,0
DA:149,3
DA:150,0
DA:151,0
DA:154,3
LF:45
LH:34
BRDA:18,0,0,0
BRDA:18,0,1,3
BRDA:59,1,0,3
BRDA:59,1,1,0
BRDA:86,2,0,0
BRDA:86,2,1,3
BRDA:88,3,0,0
BRDA:88,3,1,0
BRDA:142,4,0,0
BRDA:142,4,1,0
BRDA:142,5,0,0
BRDA:142,5,1,0
BRF:12
BRH:3
end_of_record
TN:
SF:src\controllers\paymentsController.js
FN:6,(anonymous_0)
FN:9,(anonymous_1)
FN:19,(anonymous_2)
FN:51,(anonymous_3)
FN:61,(anonymous_4)
FN:75,(anonymous_5)
FN:87,(anonymous_6)
FN:110,(anonymous_7)
FN:144,(anonymous_8)
FNF:9
FNH:0
FNDA:0,(anonymous_0)
FNDA:0,(anonymous_1)
FNDA:0,(anonymous_2)
FNDA:0,(anonymous_3)
FNDA:0,(anonymous_4)
FNDA:0,(anonymous_5)
FNDA:0,(anonymous_6)
FNDA:0,(anonymous_7)
FNDA:0,(anonymous_8)
DA:2,3
DA:3,3
DA:4,3
DA:6,3
DA:9,3
DA:10,0
DA:12,0
DA:15,0
DA:16,0
DA:17,0
DA:19,0
DA:24,0
DA:25,0
DA:26,0
DA:27,0
DA:28,0
DA:30,0
DA:43,0
DA:45,0
DA:46,0
DA:51,3
DA:52,0
DA:54,0
DA:56,0
DA:61,0
DA:67,0
DA:69,0
DA:70,0
DA:75,3
DA:76,0
DA:78,0
DA:79,0
DA:82,0
DA:87,0
DA:101,0
DA:102,0
DA:104,0
DA:105,0
DA:110,3
DA:111,0
DA:112,0
DA:113,0
DA:116,0
DA:118,0
DA:119,0
DA:123,0
DA:124,0
DA:125,0
DA:128,0
DA:134,0
DA:136,0
DA:138,0
DA:139,0
DA:144,3
DA:145,0
DA:147,0
DA:149,0
DA:151,0
DA:152,0
DA:155,0
DA:156,0
DA:158,0
DA:159,0
DA:161,0
DA:163,0
DA:164,0
LF:66
LH:9
BRDA:6,0,0,0
BRDA:6,0,1,0
BRDA:12,1,0,0
BRDA:12,1,1,0
BRDA:12,2,0,0
BRDA:12,2,1,0
BRDA:16,3,0,0
BRDA:16,3,1,0
BRDA:28,4,0,0
BRDA:28,4,1,0
BRDA:34,5,0,0
BRDA:34,5,1,0
BRDA:38,6,0,0
BRDA:38,6,1,0
BRDA:54,7,0,0
BRDA:54,7,1,0
BRDA:54,8,0,0
BRDA:54,8,1,0
BRDA:64,9,0,0
BRDA:64,9,1,0
BRDA:78,10,0,0
BRDA:78,10,1,0
BRDA:78,11,0,0
BRDA:78,11,1,0
BRDA:97,12,0,0
BRDA:97,12,1,0
BRDA:98,13,0,0
BRDA:98,13,1,0
BRDA:113,14,0,0
BRDA:113,14,1,0
BRDA:116,15,0,0
BRDA:116,15,1,0
BRDA:118,16,0,0
BRDA:118,16,1,0
BRDA:118,17,0,0
BRDA:118,17,1,0
BRDA:124,18,0,0
BRDA:124,18,1,0
BRDA:131,19,0,0
BRDA:131,19,1,0
BRDA:132,20,0,0
BRDA:132,20,1,0
BRDA:147,21,0,0
BRDA:147,21,1,0
BRDA:147,22,0,0
BRDA:147,22,1,0
BRDA:151,23,0,0
BRDA:151,23,1,0
BRDA:156,24,0,0
BRDA:156,24,1,0
BRF:50
BRH:0
end_of_record
TN:
SF:src\middleware\auth.js
FN:12,auth
FN:51,authorize
FN:52,(anonymous_2)
FNF:3
FNH:3
FNDA:3,auth
FNDA:3,authorize
FNDA:3,(anonymous_2)
DA:2,4
DA:14,3
DA:15,3
DA:17,3
DA:18,2
DA:22,3
DA:23,0
DA:27,3
DA:28,1
DA:31,2
DA:33,2
DA:36,1
DA:37,1
DA:38,0
DA:42,1
DA:43,1
DA:46,1
DA:52,3
DA:54,3
DA:57,2
DA:59,1
DA:63,4
LF:22
LH:20
BRDA:17,0,0,2
BRDA:17,0,1,1
BRDA:17,1,0,3
BRDA:17,1,1,2
BRDA:22,2,0,0
BRDA:22,2,1,3
BRDA:22,3,0,3
BRDA:22,3,1,1
BRDA:22,3,2,1
BRDA:27,4,0,1
BRDA:27,4,1,2
BRDA:33,5,0,2
BRDA:33,5,1,0
BRDA:36,6,0,1
BRDA:36,6,1,1
BRDA:36,6,2,1
BRDA:36,6,3,1
BRDA:37,7,0,0
BRDA:37,7,1,1
BRDA:54,8,0,1
BRDA:54,8,1,2
BRDA:57,9,0,1
BRDA:57,9,1,1
BRF:23
BRH:20
end_of_record
TN:
SF:src\models\Payment.js
FNF:0
FNH:0
DA:1,3
DA:4,3
DA:35,3
DA:37,3
LF:4
LH:4
BRF:0
BRH:0
end_of_record
TN:
SF:src\models\User.js
FNF:0
FNH:0
DA:1,3
DA:4,3
DA:23,3
LF:3
LH:3
BRF:0
BRH:0
end_of_record
TN:
SF:src\models\_mocks__\User.js
FNF:0
FNH:0
DA:2,0
DA:3,0
LF:2
LH:0
BRF:0
BRH:0
end_of_record
TN:
SF:src\routes\auth.js
FN:30,(anonymous_0)
FN:35,(anonymous_1)
FN:42,(anonymous_2)
FN:106,(anonymous_3)
FN:175,(anonymous_4)
FN:239,(anonymous_5)
FN:258,(anonymous_6)
FNF:7
FNH:4
FNDA:0,(anonymous_0)
FNDA:0,(anonymous_1)
FNDA:4,(anonymous_2)
FNDA:5,(anonymous_3)
FNDA:5,(anonymous_4)
FNDA:4,(anonymous_5)
FNDA:0,(anonymous_6)
DA:1,3
DA:2,3
DA:3,3
DA:4,3
DA:5,3
DA:6,3
DA:7,3
DA:8,3
DA:9,3
DA:10,3
DA:12,3
DA:13,3
DA:15,3
DA:16,3
DA:22,3
DA:23,3
DA:24,3
DA:27,3
DA:32,0
DA:33,0
DA:35,0
DA:42,3
DA:43,4
DA:44,4
DA:47,4
DA:48,1
DA:52,3
DA:59,1
DA:63,2
DA:64,2
DA:67,1
DA:68,1
DA:69,0
DA:73,1
DA:75,1
DA:84,1
DA:86,0
DA:89,0
DA:90,0
DA:92,0
DA:93,0
DA:94,0
DA:98,0
DA:106,3
DA:107,5
DA:108,5
DA:111,5
DA:112,1
DA:116,4
DA:117,1
DA:121,3
DA:122,3
DA:124,2
DA:125,2
DA:128,1
DA:129,1
DA:130,1
DA:131,1
DA:133,1
DA:136,1
DA:143,1
DA:150,1
DA:157,1
DA:164,1
DA:166,0
DA:167,0
DA:175,3
DA:176,5
DA:177,5
DA:178,5
DA:181,4
DA:182,4
DA:184,1
DA:187,3
DA:188,3
DA:189,1
DA:191,2
DA:192,1
DA:196,1
DA:197,1
DA:198,1
DA:199,1
DA:202,1
DA:208,1
DA:214,1
DA:215,1
DA:221,1
DA:228,1
DA:230,0
DA:231,0
DA:239,3
DA:240,4
DA:241,4
DA:242,4
DA:243,4
DA:244,4
DA:246,3
DA:247,2
DA:248,2
DA:250,1
DA:258,3
DA:259,0
DA:260,0
DA:261,0
DA:262,0
DA:263,0
DA:264,0
DA:265,0
DA:268,0
DA:269,0
DA:270,0
DA:271,0
DA:273,0
DA:274,0
DA:278,3
LF:115
LH:87
BRDA:9,0,0,3
BRDA:9,0,1,0
BRDA:32,1,0,0
BRDA:32,1,1,0
BRDA:32,2,0,0
BRDA:32,2,1,0
BRDA:33,3,0,0
BRDA:33,3,1,0
BRDA:47,4,0,1
BRDA:47,4,1,3
BRDA:47,5,0,4
BRDA:47,5,1,3
BRDA:47,5,2,3
BRDA:47,5,3,3
BRDA:47,5,4,3
BRDA:52,6,0,1
BRDA:52,6,1,2
BRDA:53,7,0,3
BRDA:53,7,1,2
BRDA:53,7,2,2
BRDA:53,7,3,2
BRDA:53,7,4,2
BRDA:64,8,0,1
BRDA:64,8,1,1
BRDA:68,9,0,0
BRDA:68,9,1,1
BRDA:89,10,0,0
BRDA:89,10,1,0
BRDA:92,11,0,0
BRDA:92,11,1,0
BRDA:93,12,0,0
BRDA:93,12,1,0
BRDA:111,13,0,1
BRDA:111,13,1,4
BRDA:111,14,0,5
BRDA:111,14,1,5
BRDA:111,14,2,5
BRDA:116,15,0,1
BRDA:116,15,1,3
BRDA:122,16,0,1
BRDA:122,16,1,2
BRDA:125,17,0,1
BRDA:125,17,1,1
BRDA:138,18,0,1
BRDA:138,18,1,0
BRDA:145,19,0,1
BRDA:145,19,1,0
BRDA:178,20,0,1
BRDA:178,20,1,4
BRDA:182,21,0,4
BRDA:182,21,1,0
BRDA:188,22,0,1
BRDA:188,22,1,2
BRDA:188,23,0,3
BRDA:188,23,1,3
BRDA:188,23,2,3
BRDA:191,24,0,1
BRDA:191,24,1,1
BRDA:191,25,0,2
BRDA:191,25,1,2
BRDA:204,26,0,1
BRDA:204,26,1,0
BRDA:210,27,0,1
BRDA:210,27,1,0
BRDA:242,28,0,2
BRDA:242,28,1,2
BRDA:242,29,0,4
BRDA:242,29,1,2
BRDA:243,30,0,2
BRDA:243,30,1,2
BRDA:243,31,0,4
BRDA:243,31,1,2
BRDA:244,32,0,1
BRDA:244,32,1,3
BRDA:246,33,0,3
BRDA:246,33,1,0
BRDA:247,34,0,2
BRDA:247,34,1,0
BRDA:247,34,2,0
BRDA:247,35,0,2
BRDA:247,35,1,0
BRDA:261,36,0,0
BRDA:261,36,1,0
BRDA:263,37,0,0
BRDA:263,37,1,0
BRDA:265,38,0,0
BRDA:265,38,1,0
BRF:87
BRH:58
end_of_record
TN:
SF:src\routes\employees.js
FN:14,(anonymous_0)
FN:24,(anonymous_1)
FNF:2
FNH:1
FNDA:1,(anonymous_0)
FNDA:0,(anonymous_1)
DA:2,1
DA:3,1
DA:4,1
DA:5,1
DA:6,1
DA:7,1
DA:8,1
DA:9,1
DA:11,1
DA:14,1
DA:15,1
DA:16,1
DA:17,1
DA:19,0
DA:24,1
DA:25,0
DA:26,0
DA:28,0
DA:29,0
DA:31,0
DA:38,0
DA:40,0
DA:41,0
DA:43,0
DA:44,0
DA:45,0
DA:47,0
DA:48,0
DA:52,0
DA:54,0
DA:55,0
DA:59,1
LF:32
LH:15
BRDA:8,0,0,1
BRDA:8,0,1,1
BRDA:28,1,0,0
BRDA:28,1,1,0
BRDA:28,2,0,0
BRDA:28,2,1,0
BRDA:28,2,2,0
BRDA:28,2,3,0
BRDA:28,2,4,0
BRDA:31,3,0,0
BRDA:31,3,1,0
BRDA:32,4,0,0
BRDA:32,4,1,0
BRDA:32,4,2,0
BRDA:32,4,3,0
BRDA:32,4,4,0
BRDA:41,5,0,0
BRDA:41,5,1,0
BRDA:44,6,0,0
BRDA:44,6,1,0
BRF:20
BRH:2
end_of_record
TN:
SF:src\routes\payments.js
FNF:0
FNH:0
DA:1,3
DA:2,3
DA:3,3
DA:4,3
DA:10,3
DA:13,3
DA:16,3
DA:19,3
DA:22,3
DA:25,3
DA:27,3
LF:11
LH:11
BRF:0
BRH:0
end_of_record
TN:
SF:src\seed\seedAdmin.js
FN:13,seedAdmin
FNF:1
FNH:1
FNDA:2,seedAdmin
DA:1,1
DA:2,1
DA:3,1
DA:4,1
DA:6,1
DA:7,1
DA:14,2
DA:15,2
DA:16,2
DA:18,2
DA:19,2
DA:20,2
DA:21,0
DA:22,0
DA:25,2
DA:26,2
DA:28,2
DA:37,2
DA:38,2
DA:39,2
DA:41,0
DA:45,1
DA:47,1
LF:23
LH:20
BRDA:7,0,0,1
BRDA:7,0,1,0
BRDA:20,1,0,0
BRDA:20,1,1,2
BRF:4
BRH:2
end_of_record
TN:
SF:src\seed\seedEmployee.js
FN:13,seedEmployees
FNF:1
FNH:0
FNDA:0,seedEmployees
DA:1,0
DA:2,0
DA:3,0
DA:5,0
DA:7,0
DA:8,0
DA:14,0
DA:16,0
DA:17,0
DA:20,0
DA:28,0
DA:29,0
DA:30,0
DA:31,0
DA:32,0
DA:35,0
DA:37,0
DA:46,0
DA:49,0
DA:50,0
DA:52,0
DA:53,0
DA:57,0
LF:23
LH:0
BRDA:8,0,0,0
BRDA:8,0,1,0
BRDA:30,1,0,0
BRDA:30,1,1,0
BRF:4
BRH:0
end_of_record
TN:
SF:src\validation\authValidation.js
FNF:0
FNH:0
DA:1,5
LF:1
LH:1
BRF:0
BRH:0
end_of_record
TN:
SF:src\validation\paymentValidation.js
FN:8,(anonymous_0)
FNF:1
FNH:0
FNDA:0,(anonymous_0)
DA:1,3
DA:2,3
DA:5,3
DA:8,3
DA:9,0
DA:10,0
DA:17,3
LF:7
LH:5
BRDA:9,0,0,0
BRDA:9,0,1,0
BRF:2
BRH:0
end_of_record
